effect: 'weapon/machinegun/trail'
effect: 'weapon/machinegun/fire'
effect: 'weapon/machinegun/impact'
effect: 'weapon/machinegun/impactflesh'
effect: 'weapon/shotgun/flash'
effect: 'weapon/shotgun/trail'
effect: 'weapon/shotgun/fire'
effect: 'weapon/shotgun/impact'
effect: 'weapon/shotgun/impactflesh'
effect: 'weapon/grenade/flash'
effect: 'weapon/grenade/impact'
effect: 'weapon/grenade/projectile'
effect: 'weapon/grenade/impactflesh'
effect: 'weapon/grenade/trail'
effect: 'weapon/rocket/flash'
effect: 'weapon/rocket/impact'
effect: 'weapon/rocket/projectile'
effect: 'weapon/rocket/impactflesh'
effect: 'weapon/rocket/trail'
effect: 'weapon/lightning/flash'
effect: 'weapon/lightning/impactflesh'
effect: 'weapon/lightning/impact'
effect: 'weapon/bfg/flash'
effect: 'weapon/bfg/impact'
effect: 'weapon/bfg/impactflesh'
effect: 'weapon/bfg/projectile'
effect: 'weapon/bfg/trail'
effect: 'weapon/rail/impactflesh'
effect: 'weapon/rail/trail'
effect: 'weapon/rail/impact'
effect: 'weapon/rail/flash'
effect: 'weapon/rail/fire'
effect: 'weapon/plasma/projectile'
effect: 'weapon/plasma/flash'
effect: 'weapon/plasma/impactflesh'
effect: 'weapon/plasma/trail'
effect: 'weapon/plasma/impact'
effect: 'player/gibbed'
effect: 'weapon/nailgun/projectile'
effect: 'weapon/nailgun/impact'
effect: 'weapon/nailgun/impactflesh'
effect: 'weapon/nailgun/trail'
effect: 'weapon/hmg/flash'
effect: 'weapon/hmg/trail'
effect: 'weapon/hmg/fire'
effect: 'weapon/prox/flash'
effect: 'weapon/prox/impact'
effect: 'weapon/prox/trail'
effect: 'weapon/prox/impactflesh'
effect: 'weapon/chaingun/flash'
effect: 'weapon/chaingun/trail'
effect: 'weapon/chaingun/fire'
effect: 'weapon/chaingun/impact'
effect: 'weapon/chaingun/impactflesh'
effect: 'fovi'
extra effect:  'fovi'
CL_InitCGame: 19.08 seconds, total time: 1455.98
962 msec to draw all images
Com_TouchMemory: 0 msec
usage: remapshader <original shader> <new shader> [time offset: usually 0] [keep original shader lightmap -- 0: no, 1: yes (default)]
usage: remapshader <original shader> <new shader> [time offset: usually 0] [keep original shader lightmap -- 0: no, 1: yes (default)]
Dumped console text to cgameboot.log.
set initial snapshot
serverCommandSequence 7
ads: 3
ad 1: 'textures/ad_content/2x1'
ad 2: 'textures/ad_content/2x1'
ad 3: 'textures/ad_content/1x1'
loading our model
loading teammate models
loading red team models
loading blue team models
loading fallback model
msec > clampTime  23207 200
sv_fps 5  200 ms
sv_fps 20  50 ms
Wrote screenshots/shot0000.jpg
msec > clampTime  307 200
]\r_parallaxMap
    r_parallaxMapping = "1"  default "0"
    r_parallaxMapOffset = "0"  default "0"
    r_parallaxMapShadows = "0"  default "0"
]\r_parallaxMap
    r_parallaxMapping = "1"  default "0"
    r_parallaxMapOffset = "0"  default "0"
    r_parallaxMapShadows = "0"  default "0"
]\r_parallaxMapOffset
"r_parallaxMapOffset" is:"0", the default
]\r_parallaxMapping 2
r_parallaxMapping will be changed upon restarting.
]r_baseParallax "0.3"
r_baseParallax will be changed upon restarting.
]\vid_restart
local ents shutdown
freed 0.000038 mb for jit fx tokens
RE_Shutdown( 1 )
------- FBO_Shutdown -------
------- R_ShutdownVaos -------
------- GLSL_ShutdownGPUShaders -------
R_DoneFreeType
----- Initializing Renderer ----
Trying to load "renderer_opengl2_x86_64.so" from "."...
-------------------------------
----- R_Init -----
SDL using driver "x11"
Initializing OpenGL display
Display aspect: 1.778
...setting mode -1: 1280 720
Trying to get an OpenGL 3.2 core context
SDL_GL_CreateContext succeeded.
Using 24 color bits, 24 depth, 8 stencil display.
Available modes: '1280x720 1920x1080 1440x900 1680x1050 720x480 640x480 800x600 1024x768 1152x864 1280x960 1400x1050 1600x1200 720x576 1280x1024'
GL_RENDERER: GeForce GT 630/PCIe/SSE2
Initializing OpenGL extensions
...ignoring GL_EXT_texture_compression_s3tc
...ignoring GL_S3_s3tc
...using GL_ARB_texture_rectangle
...ignoring GL_EXT_texture_filter_anisotropic
...using GL_SGIS_texture_edge_clamp
...using fragment shaders
...using GL_EXT_framebuffer_object
...using GL_EXT_packed_depth_stencil
...using GL_EXT_framebuffer_multisample
...using GL_EXT_framebuffer_blit
...using GL_ARB_framebuffer_object
...using GL_ARB_vertex_array_object
...using GL_ARB_texture_float
...using GL_ARB_depth_clamp
...ignoring GL_ARB_seamless_cube_map
...using GLSL version 1.50 NVIDIA via Cg compiler
...using GL_NVX_gpu_memory_info
...GL_ATI_meminfo not found
...ignoring GL_ARB_texture_compression_rgtc
...ignoring GL_ARB_texture_compression_bptc
...using GL_EXT_direct_state_access
------- FBO_Init -------
------- GLSL_InitGPUShaders -------
loaded 158 GLSL shaders (48 gen 84 light 26 etc) in  0.40 seconds
glsl/ql-compat.vs ->
glsl/ql-compat-multi.vs ->
scripts/colorcorrect.fs ->
scripts/blurhoriz.fs ->
scripts/blurvertical.fs ->
scripts/brightpass.fs ->
scripts/combine.fs ->
scripts/downsample1.fs ->
------- R_InitVaos -------
glsl/cameraline.vs ->
glsl/cameraline.fs ->
camera path shader program ->
Initializing Shaders
trying default ql font fallbacks
using fallbackfont: 'fonts/notosans-regular.ttf'
using fallbackfont: 'fonts/droidsansfallbackfull.ttf'
trying default MS font fallbacks
trying default system font fallbacks
trying Unifont fallbacks
using fallbackfont: 'wcfonts/unifont_csur-8.0.01.ttf'
using fallbackfont: 'wcfonts/unifont_upper_csur-8.0.01.ttf'
R_InitFreeType completed
1: 5.394547 megabytes for mme work buffer
0: 5.394547 megabytes for mme work buffer

GL_VENDOR: NVIDIA Corporation
GL_RENDERER: GeForce GT 630/PCIe/SSE2
GL_VERSION: 3.2.0 NVIDIA 390.154
GL_EXTENSIONS: GL_AMD_multi_draw_indirect GL_ARB_arrays_of_arrays GL_ARB_base_instance GL_ARB_blend_func_extended GL_ARB_buffer_storage
GL_ARB_clear_buffer_object GL_ARB_clear_texture GL_ARB_clip_control GL_ARB_color_buffer_float GL_ARB_compressed_texture_pixel_storage
GL_ARB_conservative_depth GL_ARB_compute_shader GL_ARB_compute_variable_group_size GL_ARB_conditional_render_inverted GL_ARB_copy_buffer GL_ARB_copy_image
GL_ARB_cull_distance GL_ARB_debug_output GL_ARB_depth_buffer_float GL_ARB_depth_clamp GL_ARB_depth_texture GL_ARB_derivative_control
GL_ARB_direct_state_access GL_ARB_draw_buffers GL_ARB_draw_buffers_blend GL_ARB_draw_indirect GL_ARB_draw_elements_base_vertex GL_ARB_draw_instanced
GL_ARB_enhanced_layouts GL_ARB_ES2_compatibility GL_ARB_ES3_compatibility GL_ARB_ES3_1_compatibility GL_ARB_ES3_2_compatibility
GL_ARB_explicit_attrib_location GL_ARB_explicit_uniform_location GL_ARB_fragment_coord_conventions GL_ARB_fragment_layer_viewport GL_ARB_fragment_program
GL_ARB_fragment_program_shadow GL_ARB_fragment_shader GL_ARB_framebuffer_no_attachments GL_ARB_framebuffer_object GL_ARB_framebuffer_sRGB
GL_ARB_geometry_shader4 GL_ARB_get_program_binary GL_ARB_get_texture_sub_image GL_ARB_gl_spirv GL_ARB_gpu_shader5 GL_ARB_gpu_shader_fp64
GL_ARB_gpu_shader_int64 GL_ARB_half_float_pixel GL_ARB_half_float_vertex GL_ARB_imaging GL_ARB_indirect_parameters GL_ARB_instanced_arrays
GL_ARB_internalformat_query GL_ARB_internalformat_query2 GL_ARB_invalidate_subdata GL_ARB_map_buffer_alignment GL_ARB_map_buffer_range GL_ARB_multi_bind
GL_ARB_multi_draw_indirect GL_ARB_multisample GL_ARB_multitexture GL_ARB_occlusion_query GL_ARB_occlusion_query2 GL_ARB_parallel_shader_compile
GL_ARB_pipeline_statistics_query GL_ARB_pixel_buffer_object GL_ARB_point_parameters GL_ARB_point_sprite GL_ARB_polygon_offset_clamp
GL_ARB_program_interface_query GL_ARB_provoking_vertex GL_ARB_query_buffer_object GL_ARB_robust_buffer_access_behavior GL_ARB_robustness
GL_ARB_sample_shading GL_ARB_sampler_objects GL_ARB_seamless_cube_map GL_ARB_separate_shader_objects GL_ARB_shader_atomic_counter_ops
GL_ARB_shader_atomic_counters GL_ARB_shader_bit_encoding GL_ARB_shader_draw_parameters GL_ARB_shader_group_vote GL_ARB_shader_image_load_store
GL_ARB_shader_image_size GL_ARB_shader_objects GL_ARB_shader_precision GL_ARB_shader_storage_buffer_object GL_ARB_shader_subroutine
GL_ARB_shader_texture_image_samples GL_ARB_shader_texture_lod GL_ARB_shading_language_100 GL_ARB_shading_language_420pack GL_ARB_shading_language_include
GL_ARB_shading_language_packing GL_ARB_shadow GL_ARB_sparse_buffer GL_ARB_sparse_texture GL_ARB_spirv_extensions GL_ARB_stencil_texturing GL_ARB_sync
GL_ARB_tessellation_shader GL_ARB_texture_barrier GL_ARB_texture_border_clamp GL_ARB_texture_buffer_object GL_ARB_texture_buffer_object_rgb32
GL_ARB_texture_buffer_range GL_ARB_texture_compression GL_ARB_texture_compression_bptc GL_ARB_texture_compression_rgtc GL_ARB_texture_cube_map
GL_ARB_texture_cube_map_array GL_ARB_texture_env_add GL_ARB_texture_env_combine GL_ARB_texture_env_crossbar GL_ARB_texture_env_dot3
GL_ARB_texture_filter_anisotropic GL_ARB_texture_float GL_ARB_texture_gather GL_ARB_texture_mirror_clamp_to_edge GL_ARB_texture_mirrored_repeat
GL_ARB_texture_multisample GL_ARB_texture_non_power_of_two GL_ARB_texture_query_levels GL_ARB_texture_query_lod GL_ARB_texture_rectangle GL_ARB_texture_rg
GL_ARB_texture_rgb10_a2ui GL_ARB_texture_stencil8 GL_ARB_texture_storage GL_ARB_texture_storage_multisample GL_ARB_texture_swizzle GL_ARB_texture_view
GL_ARB_timer_query GL_ARB_transform_feedback2 GL_ARB_transform_feedback3 GL_ARB_transform_feedback_instanced GL_ARB_transform_feedback_overflow_query
GL_ARB_transpose_matrix GL_ARB_uniform_buffer_object GL_ARB_vertex_array_bgra GL_ARB_vertex_array_object GL_ARB_vertex_attrib_64bit
GL_ARB_vertex_attrib_binding GL_ARB_vertex_buffer_object GL_ARB_vertex_program GL_ARB_vertex_shader GL_ARB_vertex_type_10f_11f_11f_rev
GL_ARB_vertex_type_2_10_10_10_rev GL_ARB_viewport_array GL_ARB_window_pos GL_ATI_draw_buffers GL_ATI_texture_float GL_ATI_texture_mirror_once GL_S3_s3tc
GL_EXT_texture_env_add GL_EXT_abgr GL_EXT_bgra GL_EXT_bindable_uniform GL_EXT_blend_color GL_EXT_blend_equation_separate GL_EXT_blend_func_separate
GL_EXT_blend_minmax GL_EXT_blend_subtract GL_EXT_compiled_vertex_array GL_EXT_Cg_shader GL_EXT_depth_bounds_test GL_EXT_direct_state_access
GL_EXT_draw_buffers2 GL_EXT_draw_instanced GL_EXT_draw_range_elements GL_EXT_fog_coord GL_EXT_framebuffer_blit GL_EXT_framebuffer_multisample
GL_EXTX_framebuffer_mixed_formats GL_EXT_framebuffer_multisample_blit_scaled GL_EXT_framebuffer_object GL_EXT_framebuffer_sRGB GL_EXT_geometry_shader4
GL_EXT_gpu_program_parameters GL_EXT_gpu_shader4 GL_EXT_multi_draw_arrays GL_EXT_packed_depth_stencil GL_EXT_packed_float GL_EXT_packed_pixels
GL_EXT_pixel_buffer_object GL_EXT_point_parameters GL_EXT_polygon_offset_clamp GL_EXT_provoking_vertex GL_EXT_rescale_normal GL_EXT_secondary_color
GL_EXT_separate_shader_objects GL_EXT_separate_specular_color GL_EXT_shader_image_load_store GL_EXT_shader_integer_mix GL_EXT_shadow_funcs
GL_EXT_stencil_two_side GL_EXT_stencil_wrap GL_EXT_texture3D GL_EXT_texture_array GL_EXT_texture_buffer_object GL_EXT_texture_compression_dxt1
GL_EXT_texture_compression_latc GL_EXT_texture_compression_rgtc GL_EXT_texture_compression_s3tc GL_EXT_texture_cube_map GL_EXT_texture_edge_clamp
GL_EXT_texture_env_combine GL_EXT_texture_env_dot3 GL_EXT_texture_filter_anisotropic GL_EXT_texture_integer GL_EXT_texture_lod GL_EXT_texture_lod_bias
GL_EXT_texture_mirror_clamp GL_EXT_texture_object GL_EXT_texture_shared_exponent GL_EXT_texture_sRGB GL_EXT_texture_sRGB_decode GL_EXT_texture_storage
GL_EXT_texture_swizzle GL_EXT_timer_query GL_EXT_transform_feedback2 GL_EXT_vertex_array GL_EXT_vertex_array_bgra GL_EXT_vertex_attrib_64bit
GL_EXT_window_rectangles GL_EXT_x11_sync_object GL_EXT_import_sync_object GL_NV_robustness_video_memory_purge GL_IBM_rasterpos_clip
GL_IBM_texture_mirrored_repeat GL_KHR_context_flush_control GL_KHR_debug GL_KHR_parallel_shader_compile GL_KHR_no_error GL_KHR_robust_buffer_access_behavior
GL_KHR_robustness GL_KTX_buffer_region GL_NV_alpha_to_coverage_dither_control GL_NV_bindless_multi_draw_indirect GL_NV_bindless_multi_draw_indirect_count
GL_NV_blend_equation_advanced GL_NV_blend_square GL_NV_command_list GL_NV_compute_program5 GL_NV_conditional_render GL_NV_copy_depth_to_color
GL_NV_copy_image GL_NV_depth_buffer_float GL_NV_depth_clamp GL_NV_draw_texture GL_NV_ES1_1_compatibility GL_NV_ES3_1_compatibility GL_NV_explicit_multisample
GL_NV_fence GL_NV_float_buffer GL_NV_fog_distance GL_NV_fragment_program GL_NV_fragment_program_option GL_NV_fragment_program2
GL_NV_framebuffer_multisample_coverage GL_NV_geometry_shader4 GL_NV_gpu_program4 GL_NV_internalformat_sample_query GL_NV_gpu_program4_1 GL_NV_gpu_program5
GL_NV_gpu_program5_mem_extended GL_NV_gpu_program_fp64 GL_NV_gpu_shader5 GL_NV_half_float GL_NV_light_max_exponent GL_NV_multisample_coverage
GL_NV_multisample_filter_hint GL_NV_occlusion_query GL_NV_packed_depth_stencil GL_NV_parameter_buffer_object GL_NV_parameter_buffer_object2
GL_NV_path_rendering GL_NV_pixel_data_range GL_NV_point_sprite GL_NV_primitive_restart GL_NV_query_resource GL_NV_query_resource_tag GL_NV_register_combiners
GL_NV_register_combiners2 GL_NV_shader_atomic_counters GL_NV_shader_atomic_float GL_NV_shader_buffer_load GL_NV_shader_storage_buffer_object
GL_NV_texgen_reflection GL_NV_texture_barrier GL_NV_texture_compression_vtc GL_NV_texture_env_combine4 GL_NV_texture_multisample GL_NV_texture_rectangle
GL_NV_texture_rectangle_compressed GL_NV_texture_shader GL_NV_texture_shader2 GL_NV_texture_shader3 GL_NV_transform_feedback GL_NV_transform_feedback2
GL_NV_uniform_buffer_unified_memory GL_NV_vdpau_interop GL_NV_vertex_array_range GL_NV_vertex_array_range2 GL_NV_vertex_attrib_integer_64bit
GL_NV_vertex_buffer_unified_memory GL_NV_vertex_program GL_NV_vertex_program1_1 GL_NV_vertex_program2 GL_NV_vertex_program2_option GL_NV_vertex_program3
GL_NVX_conditional_render GL_NVX_gpu_memory_info GL_NV_shader_thread_group GL_KHR_blend_equation_advanced GL_SGIS_generate_mipmap GL_SGIS_texture_lod
GL_SGIX_depth_texture GL_SGIX_shadow GL_SUN_slice_accum
GL_MAX_TEXTURE_SIZE: 16384
GL_MAX_TEXTURE_IMAGE_UNITS: 32

PIXELFORMAT: color(24-bits) Z(24-bit) stencil(8-bits)
MODE: -1, 1280 x 720 windowed hz:N/A
GAMMA: hardware w/ 1 overbright bits
texturemode: GL_LINEAR_MIPMAP_LINEAR
picmip: 0
texture bits: 32
compiled vertex arrays: disabled
texenv add: enabled
compressed textures: disabled
----- finished R_Init -----
Try loading dll file .//wolfcam-ql/uix86_64.so
Loading DLL file: .//wolfcam-ql/uix86_64.so
Sys_LoadGameDll(.//wolfcam-ql/uix86_64.so) found vmMain function at 0x7fcb5a3012c0
UI_Init() version: 12.5
167 arenas parsed
34 bots parsed
Try loading dll file .//wolfcam-ql/cgamex86_64.so
Loading DLL file: .//wolfcam-ql/cgamex86_64.so
Sys_LoadGameDll(.//wolfcam-ql/cgamex86_64.so) found vmMain function at 0x7fcb1d633f70
CG_Init() version: 12.5
CG_Init()  serverMessageNum 25138  serverCommandSequence 7  clientNum 4
client set protocol: 91
Client/Server game mismatch: baseq3-1/wolfcam-ql
ql version 12.5.0.0
cgame: load map maps/aerowalk.bsp
CM_LoadMap(maps/aerowalk.bsp)
registered allowed ambient sound 'sound/items/poweruprespawn' 3
registered allowed ambient sound 'sound/items/kamikazerespawn' 4
registered allowed ambient sound 'sound/ambient/1shot_bell_01' 5
registered allowed ambient sound 'sound/movers/doors/dr1_strt' 6
registered allowed ambient sound 'sound/movers/doors/dr1_end' 7
registered allowed ambient sound 'sound/player/gurp1' 8
registered allowed ambient sound 'sound/player/gurp2' 9
registered allowed ambient sound 'sound/world/klaxon1.ogg' 10
registered allowed ambient sound 'sound/world/klaxon2.ogg' 11
registered allowed ambient sound 'sound/world/buzzer.ogg' 12
registered allowed ambient sound 'sound/world/bell_01.ogg' 13
registered allowed ambient sound 'sound/world/hockey_horn' 14
WARNING: Failed to load sound sound/items/cl_armorregen.ogg!
WARNING: Failed to load sound sound/items/cl_armorregen.wav!
S_RegisterSound() couldn't open 'sound/items/cl_armorregen.wav'
WARNING: Failed to load sound sound/items/cl_doubler.ogg!
WARNING: Failed to load sound sound/items/cl_doubler.wav!
S_RegisterSound() couldn't open 'sound/items/cl_doubler.wav'
WARNING: Failed to load sound sound/items/cl_guard.ogg!
WARNING: Failed to load sound sound/items/cl_guard.wav!
S_RegisterSound() couldn't open 'sound/items/cl_guard.wav'
WARNING: Failed to load sound sound/items/cl_scout.ogg!
WARNING: Failed to load sound sound/items/cl_scout.wav!
S_RegisterSound() couldn't open 'sound/items/cl_scout.wav'
WARNING: Failed to load sound sound/items/cl_scout.ogg!
WARNING: Failed to load sound sound/items/cl_scout.wav!
S_RegisterSound() couldn't open 'sound/items/cl_scout.wav'
WARNING: Failed to load sound sound/items/cl_guard.ogg!
WARNING: Failed to load sound sound/items/cl_guard.wav!
S_RegisterSound() couldn't open 'sound/items/cl_guard.wav'
WARNING: Failed to load sound sound/items/cl_damage.ogg!
WARNING: Failed to load sound sound/items/cl_damage.ogg!
S_RegisterSound() couldn't open 'sound/items/cl_damage.ogg'
WARNING: Failed to load sound sound/items/cl_armorregen.ogg!
WARNING: Failed to load sound sound/items/cl_armorregen.wav!
S_RegisterSound() couldn't open 'sound/items/cl_armorregen.wav'
registered sound 1  'sound/player/fry' 180
registered sound 2  'sound/ambient/loop_telehum' 293
registered sound 3  'sound/world/jumppad' 119
registered sound 4  'sound/ambient/loop_wind_stroggos' 294
cgame: loadworldmap maps/aerowalk.bsp
RE_LoadWorldMap(maps/aerowalk.bsp)
Advertisement 1:
  cellId: 281
  normal: 1.000000 0.000000 0.000000
  rect[0]:  -63.999992 -80.000000 392.000000
  rect[1]:  -63.999992 -80.000000 520.000000
  rect[2]:  -63.999992 -336.000000 520.000000
  rect[3]:  -63.999992 -336.000000 392.000000
  model:  *7
  256 x 128   (2.000000)
Advertisement 2:
  cellId: 283
  normal: 0.697617 -0.716471 0.000000
  rect[0]:  -318.000000 634.000000 400.000000
  rect[1]:  -318.000000 634.000000 504.000000
  rect[2]:  -474.000000 478.000000 504.000000
  rect[3]:  -474.000000 478.000000 400.000000
  model:  *8
  220 x 104   (2.115385)
Advertisement 3:
  cellId: 282
  normal: 0.000000 1.000000 0.000000
  rect[0]:  184.000000 -564.000000 200.000000
  rect[1]:  184.000000 -564.000000 88.000000
  rect[2]:  72.000000 -564.000000 88.000000
  rect[3]:  72.000000 -564.000000 200.000000
  model:  *9
  112 x 112   (1.000000)
stitched 10 LoD cracks
...loaded 2381 faces, 62 meshes, 0 trisurfs, 0 flares
new crosshairs
default crosshairs
trying alternate blood explosion
WARNING: R_FindImageFile could not find 'icons/spawnarmor.tga' in shader 'icons/spawnarmor'
Shader icons/spawnarmor has a stage with no image
WARNING: R_FindImageFile could not find 'icons/key_master.tga' in shader 'icons/key_master'
Shader icons/key_master has a stage with no image
WARNING: R_RemapShader: new shader team_icon/Red Team_red not found
WARNING: R_RemapShader: new shader team_icon/Blue Team_blue not found
Menu_Reset()
loading default menus
CG_ParseMenu() ui/intro.menu  unknown token '\'
CG_ParseMenu() ui/intro.menu  unknown token '\'
CG_ParseMenu() ui/intro.menu  unknown token 'score_menu'
CG_ParseMenu() ui/intro.menu  unknown token '\'
CG_ParseMenu() ui/intro.menu  unknown token '\'
CG_ParseMenu() ui/ingamescoreteam.menu  unknown token '\'
CG_ParseMenu() ui/ingamescoreteam.menu  unknown token '\'
CG_ParseMenu() ui/ingamescoreteam.menu  unknown token 'score_menu'
CG_ParseMenu() ui/ingamescoreteam.menu  unknown token '\'
CG_ParseMenu() ui/ingamescoreteam.menu  unknown token '\'
CG_ParseMenu() ui/ingamescorenoteam.menu  unknown token '\'
CG_ParseMenu() ui/ingamescorenoteam.menu  unknown token '\'
CG_ParseMenu() ui/ingamescorenoteam.menu  unknown token 'score_menu'
CG_ParseMenu() ui/ingamescorenoteam.menu  unknown token '\'
CG_ParseMenu() ui/ingamescorenoteam.menu  unknown token '\'
CG_ParseMenu() ui/endscoreteam.menu  unknown token '\'
CG_ParseMenu() ui/endscoreteam.menu  unknown token '\'
CG_ParseMenu() ui/endscoreteam.menu  unknown token 'score_menu'
CG_ParseMenu() ui/endscoreteam.menu  unknown token '\'
CG_ParseMenu() ui/endscoreteam.menu  unknown token '\'
CG_ParseMenu() ui/endscorenoteam.menu  unknown token '\'
CG_ParseMenu() ui/endscorenoteam.menu  unknown token '\'
CG_ParseMenu() ui/endscorenoteam.menu  unknown token 'score_menu'
CG_ParseMenu() ui/endscorenoteam.menu  unknown token '\'
CG_ParseMenu() ui/endscorenoteam.menu  unknown token '\'
CG_ParseMenu() ui/ingamestats.menu  unknown token '\'
CG_ParseMenu() ui/ingamestats.menu  unknown token '\'
CG_ParseMenu() ui/ingamestats.menu  unknown token 'score_menu'
CG_ParseMenu() ui/ingamestats.menu  unknown token '\'
CG_ParseMenu() ui/ingamestats.menu  unknown token '\'
CG_ParseMenu() ui/ingame_scoreboard_ffa.menu  unknown token '\'
CG_ParseMenu() ui/ingame_scoreboard_ffa.menu  unknown token '\'
CG_ParseMenu() ui/ingame_scoreboard_ffa.menu  unknown token 'score_menu'
CG_ParseMenu() ui/ingame_scoreboard_ffa.menu  unknown token '\'
CG_ParseMenu() ui/ingame_scoreboard_ffa.menu  unknown token '\'
CG_LoadMenus()  ui/hud.txt
UI menu load time = 97 milli seconds  ui/hud.txt
freed 0.000000 mb for jit fx tokens
effect: 'player/haste'
effect: 'player/flight'
effect: 'player/talk'
effect: 'player/impressive'
effect: 'player/excellent'
effect: 'player/teleportin'
effect: 'player/teleportout'
effect: 'weapon/gauntlet/flash'
effect: 'weapon/gauntlet/impactflesh'
effect: 'weapon/machinegun/flash'
effect: 'weapon/machinegun/trail'
effect: 'weapon/machinegun/fire'
effect: 'weapon/machinegun/impact'
effect: 'weapon/machinegun/impactflesh'
effect: 'weapon/shotgun/flash'
effect: 'weapon/shotgun/trail'
effect: 'weapon/shotgun/fire'
effect: 'weapon/shotgun/impact'
effect: 'weapon/shotgun/impactflesh'
effect: 'weapon/grenade/flash'
effect: 'weapon/grenade/impact'
effect: 'weapon/grenade/projectile'
effect: 'weapon/grenade/impactflesh'
effect: 'weapon/grenade/trail'
effect: 'weapon/rocket/flash'
effect: 'weapon/rocket/impact'
effect: 'weapon/rocket/projectile'
effect: 'weapon/rocket/impactflesh'
effect: 'weapon/rocket/trail'
effect: 'weapon/lightning/flash'
effect: 'weapon/lightning/impactflesh'
effect: 'weapon/lightning/impact'
effect: 'weapon/bfg/flash'
effect: 'weapon/bfg/impact'
effect: 'weapon/bfg/impactflesh'
effect: 'weapon/bfg/projectile'
effect: 'weapon/bfg/trail'
effect: 'weapon/rail/impactflesh'
effect: 'weapon/rail/trail'
effect: 'weapon/rail/impact'
effect: 'weapon/rail/flash'
effect: 'weapon/rail/fire'
effect: 'weapon/plasma/projectile'
effect: 'weapon/plasma/flash'
effect: 'weapon/plasma/impactflesh'
effect: 'weapon/plasma/trail'
effect: 'weapon/plasma/impact'
effect: 'player/gibbed'
effect: 'weapon/nailgun/projectile'
effect: 'weapon/nailgun/impact'
effect: 'weapon/nailgun/impactflesh'
effect: 'weapon/nailgun/trail'
effect: 'weapon/hmg/flash'
effect: 'weapon/hmg/trail'
effect: 'weapon/hmg/fire'
effect: 'weapon/prox/flash'
effect: 'weapon/prox/impact'
effect: 'weapon/prox/trail'
effect: 'weapon/prox/impactflesh'
effect: 'weapon/chaingun/flash'
effect: 'weapon/chaingun/trail'
effect: 'weapon/chaingun/fire'
effect: 'weapon/chaingun/impact'
effect: 'weapon/chaingun/impactflesh'
effect: 'fovi'
extra effect:  'fovi'
CL_InitCGame: 14.91 seconds, total time: 1574.47
1018 msec to draw all images
Com_TouchMemory: 0 msec
usage: remapshader <original shader> <new shader> [time offset: usually 0] [keep original shader lightmap -- 0: no, 1: yes (default)]
usage: remapshader <original shader> <new shader> [time offset: usually 0] [keep original shader lightmap -- 0: no, 1: yes (default)]
Dumped console text to cgameboot.log.
msec > clampTime  18275 200
set initial snapshot
serverCommandSequence 7
ads: 3
ad 1: 'textures/ad_content/2x1'
ad 2: 'textures/ad_content/2x1'
ad 3: 'textures/ad_content/1x1'
loading our model
loading teammate models
loading red team models
loading blue team models
loading fallback model
msec > clampTime  487 200
sv_fps 5  200 ms
sv_fps 20  50 ms
]\r_e
    r_externalGLSL = "0"  default "0"
    r_ext_direct_state_access = "1"  default "1"
    r_ext_framebuffer_multisample = "0"  default "0"
    r_ext_multisample = "0"  default "0"
    r_ext_texture_float = "1"  default "1"
    r_ext_framebuffer_object = "1"  default "1"
    r_enableColorCorrect = "1"  default "1"
    r_enablePostProcess = "1"  default "1"
    r_enableBloom = "1"  default "0"
    r_ext_max_anisotropy = "0"  default "2"
    r_ext_texture_filter_anisotropic = "0"  default "0"
    r_ext_texture_env_add = "1"  default "1"
    r_ext_compiled_vertex_array = "1"  default "1"
    r_ext_multitexture = "1"  default "1"
    r_ext_compressed_textures = "0"  default "0"
msec > clampTime  262 200
cg.frametime > 200  (201)  oldSnapNum 25710  snapNum 25711
]\r_base
    r_baseGloss = "0.3"  default "0.3"
    r_baseSpecular = "0.04"  default "0.04"
    r_baseParallax = "0.3"  default "0.05"
    r_baseNormalY = "1.0"  default "1.0"
    r_baseNormalX = "1.0"  default "1.0"
]\r_deluxe
    r_deluxeSpecular = "0.3"  default "0.3"
    r_deluxeMapping = "1"  default "1"
]\r_spe
    r_speeds = "0"  default "0"
    r_specularMapping = "1"  default "1"
]\r_nor
    r_norefresh = "0"  default "0"
    r_normalMapping = "1"  default "1"
]\r_autoExposure 1
]\r_autoExposure 0
]\exec
    default.cfg
    defaultwolfcam.cfg
    firstpersonswitch.cfg
    follow.cfg
    fragforwarddone.cfg
    fragforwardnext.cfg
    freecam.cfg
    gameend.cfg
    gamestart.cfg
    ingame.cfg
    lotzypov.cfg
    maps/aerowalk.cfg
    maps/bloodrun.cfg
    maps/bloodrunintel.cfg
    maps/campgrounds.cfg
    maps/cpm22.cfg
    maps/cpm24.cfg
    maps/cpm3a.cfg
    maps/pukka3tourney.cfg
    maps/q3dm6.cfg
    maps/toxicity.cfg
    maps/ztn3dm1.cfg
    maps/ztn3tourney1.cfg
    q3config.cfg
    refl_off.cfg
    refl_on.cfg
    roundend.cfg
    roundstart.cfg
    shutdown.cfg
    spectator.cfg
    sponge.cfg
    syncerror.cfg
    tim.cfg
    ttimo.cfg
    wolfcamfirstpersonswitch.cfg
]\exec lotzypov.cfg
r_forcetonemap is cheat protected.
r_forcetonemapavg is cheat protected.
r_cameraexposure is cheat protected.
r_baseParallax will be changed upon restarting.
r_parallaxMapping will be changed upon restarting.
r_forcesun is cheat protected.
r_forcesunlightscale is cheat protected.
r_customheight will be changed upon restarting.
r_customwidth will be changed upon restarting.
loading our model
msec > clampTime  255 200
]\devmap aerowalk
==== ShutdownGame ====
AAS shutdown.
------ Server Initialization ------
Server: aerowalk
local ents shutdown
freed 0.000038 mb for jit fx tokens
RE_Shutdown( 0 )
------- FBO_Shutdown -------
------- R_ShutdownVaos -------
------- GLSL_ShutdownGPUShaders -------
R_DoneFreeType
Hunk_Clear: reset the hunk ok
----- FS_Startup -----
read cd key
append cd key
We are looking in the current search path:
.//wolfcam-ql
.//wolfcam-ql/zsilence.pk3 (1 files) 8c184c22
.//wolfcam-ql/wolfcam_fixes.pk3 (46 files) 7c367328
.//wolfcam-ql/wc-glsl.pk3 (5 files) b708abea
.//wolfcam-ql/open-arena-assets004.pk3 (1 files) 083e3297
.//wolfcam-ql/open-arena-assets003.pk3 (6 files) ae8dfe88
.//wolfcam-ql/open-arena-assets002.pk3 (6 files) 2c9fe345
.//wolfcam-ql/open-arena-assets001.pk3 (17 files) 5d0b54ed
.//wolfcam-ql/open-arena-assets000.pk3 (6 files) e3f34cbe
./wolfcam-ql
./wolfcam-ql/zsilence.pk3 (1 files) 8c184c22
./wolfcam-ql/wolfcam_fixes.pk3 (46 files) 7c367328
./wolfcam-ql/wc-glsl.pk3 (5 files) b708abea
./wolfcam-ql/open-arena-assets004.pk3 (1 files) 083e3297
./wolfcam-ql/open-arena-assets003.pk3 (6 files) ae8dfe88
./wolfcam-ql/open-arena-assets002.pk3 (6 files) 2c9fe345
./wolfcam-ql/open-arena-assets001.pk3 (17 files) 5d0b54ed
./wolfcam-ql/open-arena-assets000.pk3 (6 files) e3f34cbe
.//baseq3
.//baseq3/pak00.pk3 (9298 files) 5eee56a8
./baseq3
./baseq3/pak00.pk3 (9298 files) 5eee56a8

----------------------
18772 files in pk3 files
CM_LoadMap(maps/aerowalk.bsp)
Try loading dll file .//wolfcam-ql/qagamex86_64.so
Loading DLL file: .//wolfcam-ql/qagamex86_64.so
Sys_LoadGameDll(.//wolfcam-ql/qagamex86_64.so) found vmMain function at 0x7fcb51e118e0
------- Game Initialization -------
gamename: baseq3
gamedate: Aug  2 2022
version: 12.5
protocol 91
0 teams with 0 entities
17 items registered
-----------------------------------
------- BotLib Initialization -------
loaded weapons.c
loaded items.c
loaded syn.c
loaded rnd.c
loaded match.c
loaded rchat.c
------------ Map Loading ------------
trying to load maps/aerowalk.aas
loaded maps/aerowalk.aas
found 29 level items
-------------------------------------
34 bots parsed
167 arenas parsed
AAS initialized.
-----------------------------------
msec > clampTime  744 200
real gamestate protocol 91
RE_Shutdown( 0 )
R_DoneFreeType
----- R_Init -----
------- FBO_Init -------
------- GLSL_InitGPUShaders -------
loaded 116 GLSL shaders (48 gen 42 light 26 etc) in  0.06 seconds
glsl/ql-compat.vs ->
glsl/ql-compat-multi.vs ->
scripts/colorcorrect.fs ->
scripts/blurhoriz.fs ->
scripts/blurvertical.fs ->
scripts/brightpass.fs ->
scripts/combine.fs ->
scripts/downsample1.fs ->
------- R_InitVaos -------
glsl/cameraline.vs ->
glsl/cameraline.fs ->
camera path shader program ->
Initializing Shaders
trying default ql font fallbacks
using fallbackfont: 'fonts/notosans-regular.ttf'
using fallbackfont: 'fonts/droidsansfallbackfull.ttf'
trying default MS font fallbacks
trying default system font fallbacks
trying Unifont fallbacks
using fallbackfont: 'wcfonts/unifont_csur-8.0.01.ttf'
using fallbackfont: 'wcfonts/unifont_upper_csur-8.0.01.ttf'
R_InitFreeType completed
1: 5.394547 megabytes for mme work buffer
0: 5.394547 megabytes for mme work buffer

GL_VENDOR: NVIDIA Corporation
GL_RENDERER: GeForce GT 630/PCIe/SSE2
GL_VERSION: 3.2.0 NVIDIA 390.154
GL_EXTENSIONS: GL_AMD_multi_draw_indirect GL_ARB_arrays_of_arrays GL_ARB_base_instance GL_ARB_blend_func_extended GL_ARB_buffer_storage
GL_ARB_clear_buffer_object GL_ARB_clear_texture GL_ARB_clip_control GL_ARB_color_buffer_float GL_ARB_compressed_texture_pixel_storage
GL_ARB_conservative_depth GL_ARB_compute_shader GL_ARB_compute_variable_group_size GL_ARB_conditional_render_inverted GL_ARB_copy_buffer GL_ARB_copy_image
GL_ARB_cull_distance GL_ARB_debug_output GL_ARB_depth_buffer_float GL_ARB_depth_clamp GL_ARB_depth_texture GL_ARB_derivative_control
GL_ARB_direct_state_access GL_ARB_draw_buffers GL_ARB_draw_buffers_blend GL_ARB_draw_indirect GL_ARB_draw_elements_base_vertex GL_ARB_draw_instanced
GL_ARB_enhanced_layouts GL_ARB_ES2_compatibility GL_ARB_ES3_compatibility GL_ARB_ES3_1_compatibility GL_ARB_ES3_2_compatibility
GL_ARB_explicit_attrib_location GL_ARB_explicit_uniform_location GL_ARB_fragment_coord_conventions GL_ARB_fragment_layer_viewport GL_ARB_fragment_program
GL_ARB_fragment_program_shadow GL_ARB_fragment_shader GL_ARB_framebuffer_no_attachments GL_ARB_framebuffer_object GL_ARB_framebuffer_sRGB
GL_ARB_geometry_shader4 GL_ARB_get_program_binary GL_ARB_get_texture_sub_image GL_ARB_gl_spirv GL_ARB_gpu_shader5 GL_ARB_gpu_shader_fp64
GL_ARB_gpu_shader_int64 GL_ARB_half_float_pixel GL_ARB_half_float_vertex GL_ARB_imaging GL_ARB_indirect_parameters GL_ARB_instanced_arrays
GL_ARB_internalformat_query GL_ARB_internalformat_query2 GL_ARB_invalidate_subdata GL_ARB_map_buffer_alignment GL_ARB_map_buffer_range GL_ARB_multi_bind
GL_ARB_multi_draw_indirect GL_ARB_multisample GL_ARB_multitexture GL_ARB_occlusion_query GL_ARB_occlusion_query2 GL_ARB_parallel_shader_compile
GL_ARB_pipeline_statistics_query GL_ARB_pixel_buffer_object GL_ARB_point_parameters GL_ARB_point_sprite GL_ARB_polygon_offset_clamp
GL_ARB_program_interface_query GL_ARB_provoking_vertex GL_ARB_query_buffer_object GL_ARB_robust_buffer_access_behavior GL_ARB_robustness
GL_ARB_sample_shading GL_ARB_sampler_objects GL_ARB_seamless_cube_map GL_ARB_separate_shader_objects GL_ARB_shader_atomic_counter_ops
GL_ARB_shader_atomic_counters GL_ARB_shader_bit_encoding GL_ARB_shader_draw_parameters GL_ARB_shader_group_vote GL_ARB_shader_image_load_store
GL_ARB_shader_image_size GL_ARB_shader_objects GL_ARB_shader_precision GL_ARB_shader_storage_buffer_object GL_ARB_shader_subroutine
GL_ARB_shader_texture_image_samples GL_ARB_shader_texture_lod GL_ARB_shading_language_100 GL_ARB_shading_language_420pack GL_ARB_shading_language_include
GL_ARB_shading_language_packing GL_ARB_shadow GL_ARB_sparse_buffer GL_ARB_sparse_texture GL_ARB_spirv_extensions GL_ARB_stencil_texturing GL_ARB_sync
GL_ARB_tessellation_shader GL_ARB_texture_barrier GL_ARB_texture_border_clamp GL_ARB_texture_buffer_object GL_ARB_texture_buffer_object_rgb32
GL_ARB_texture_buffer_range GL_ARB_texture_compression GL_ARB_texture_compression_bptc GL_ARB_texture_compression_rgtc GL_ARB_texture_cube_map
GL_ARB_texture_cube_map_array GL_ARB_texture_env_add GL_ARB_texture_env_combine GL_ARB_texture_env_crossbar GL_ARB_texture_env_dot3
GL_ARB_texture_filter_anisotropic GL_ARB_texture_float GL_ARB_texture_gather GL_ARB_texture_mirror_clamp_to_edge GL_ARB_texture_mirrored_repeat
GL_ARB_texture_multisample GL_ARB_texture_non_power_of_two GL_ARB_texture_query_levels GL_ARB_texture_query_lod GL_ARB_texture_rectangle GL_ARB_texture_rg
GL_ARB_texture_rgb10_a2ui GL_ARB_texture_stencil8 GL_ARB_texture_storage GL_ARB_texture_storage_multisample GL_ARB_texture_swizzle GL_ARB_texture_view
GL_ARB_timer_query GL_ARB_transform_feedback2 GL_ARB_transform_feedback3 GL_ARB_transform_feedback_instanced GL_ARB_transform_feedback_overflow_query
GL_ARB_transpose_matrix GL_ARB_uniform_buffer_object GL_ARB_vertex_array_bgra GL_ARB_vertex_array_object GL_ARB_vertex_attrib_64bit
GL_ARB_vertex_attrib_binding GL_ARB_vertex_buffer_object GL_ARB_vertex_program GL_ARB_vertex_shader GL_ARB_vertex_type_10f_11f_11f_rev
GL_ARB_vertex_type_2_10_10_10_rev GL_ARB_viewport_array GL_ARB_window_pos GL_ATI_draw_buffers GL_ATI_texture_float GL_ATI_texture_mirror_once GL_S3_s3tc
GL_EXT_texture_env_add GL_EXT_abgr GL_EXT_bgra GL_EXT_bindable_uniform GL_EXT_blend_color GL_EXT_blend_equation_separate GL_EXT_blend_func_separate
GL_EXT_blend_minmax GL_EXT_blend_subtract GL_EXT_compiled_vertex_array GL_EXT_Cg_shader GL_EXT_depth_bounds_test GL_EXT_direct_state_access
GL_EXT_draw_buffers2 GL_EXT_draw_instanced GL_EXT_draw_range_elements GL_EXT_fog_coord GL_EXT_framebuffer_blit GL_EXT_framebuffer_multisample
GL_EXTX_framebuffer_mixed_formats GL_EXT_framebuffer_multisample_blit_scaled GL_EXT_framebuffer_object GL_EXT_framebuffer_sRGB GL_EXT_geometry_shader4
GL_EXT_gpu_program_parameters GL_EXT_gpu_shader4 GL_EXT_multi_draw_arrays GL_EXT_packed_depth_stencil GL_EXT_packed_float GL_EXT_packed_pixels
GL_EXT_pixel_buffer_object GL_EXT_point_parameters GL_EXT_polygon_offset_clamp GL_EXT_provoking_vertex GL_EXT_rescale_normal GL_EXT_secondary_color
GL_EXT_separate_shader_objects GL_EXT_separate_specular_color GL_EXT_shader_image_load_store GL_EXT_shader_integer_mix GL_EXT_shadow_funcs
GL_EXT_stencil_two_side GL_EXT_stencil_wrap GL_EXT_texture3D GL_EXT_texture_array GL_EXT_texture_buffer_object GL_EXT_texture_compression_dxt1
GL_EXT_texture_compression_latc GL_EXT_texture_compression_rgtc GL_EXT_texture_compression_s3tc GL_EXT_texture_cube_map GL_EXT_texture_edge_clamp
GL_EXT_texture_env_combine GL_EXT_texture_env_dot3 GL_EXT_texture_filter_anisotropic GL_EXT_texture_integer GL_EXT_texture_lod GL_EXT_texture_lod_bias
GL_EXT_texture_mirror_clamp GL_EXT_texture_object GL_EXT_texture_shared_exponent GL_EXT_texture_sRGB GL_EXT_texture_sRGB_decode GL_EXT_texture_storage
GL_EXT_texture_swizzle GL_EXT_timer_query GL_EXT_transform_feedback2 GL_EXT_vertex_array GL_EXT_vertex_array_bgra GL_EXT_vertex_attrib_64bit
GL_EXT_window_rectangles GL_EXT_x11_sync_object GL_EXT_import_sync_object GL_NV_robustness_video_memory_purge GL_IBM_rasterpos_clip
GL_IBM_texture_mirrored_repeat GL_KHR_context_flush_control GL_KHR_debug GL_KHR_parallel_shader_compile GL_KHR_no_error GL_KHR_robust_buffer_access_behavior
GL_KHR_robustness GL_KTX_buffer_region GL_NV_alpha_to_coverage_dither_control GL_NV_bindless_multi_draw_indirect GL_NV_bindless_multi_draw_indirect_count
GL_NV_blend_equation_advanced GL_NV_blend_square GL_NV_command_list GL_NV_compute_program5 GL_NV_conditional_render GL_NV_copy_depth_to_color
GL_NV_copy_image GL_NV_depth_buffer_float GL_NV_depth_clamp GL_NV_draw_texture GL_NV_ES1_1_compatibility GL_NV_ES3_1_compatibility GL_NV_explicit_multisample
GL_NV_fence GL_NV_float_buffer GL_NV_fog_distance GL_NV_fragment_program GL_NV_fragment_program_option GL_NV_fragment_program2
GL_NV_framebuffer_multisample_coverage GL_NV_geometry_shader4 GL_NV_gpu_program4 GL_NV_internalformat_sample_query GL_NV_gpu_program4_1 GL_NV_gpu_program5
GL_NV_gpu_program5_mem_extended GL_NV_gpu_program_fp64 GL_NV_gpu_shader5 GL_NV_half_float GL_NV_light_max_exponent GL_NV_multisample_coverage
GL_NV_multisample_filter_hint GL_NV_occlusion_query GL_NV_packed_depth_stencil GL_NV_parameter_buffer_object GL_NV_parameter_buffer_object2
GL_NV_path_rendering GL_NV_pixel_data_range GL_NV_point_sprite GL_NV_primitive_restart GL_NV_query_resource GL_NV_query_resource_tag GL_NV_register_combiners
GL_NV_register_combiners2 GL_NV_shader_atomic_counters GL_NV_shader_atomic_float GL_NV_shader_buffer_load GL_NV_shader_storage_buffer_object
GL_NV_texgen_reflection GL_NV_texture_barrier GL_NV_texture_compression_vtc GL_NV_texture_env_combine4 GL_NV_texture_multisample GL_NV_texture_rectangle
GL_NV_texture_rectangle_compressed GL_NV_texture_shader GL_NV_texture_shader2 GL_NV_texture_shader3 GL_NV_transform_feedback GL_NV_transform_feedback2
GL_NV_uniform_buffer_unified_memory GL_NV_vdpau_interop GL_NV_vertex_array_range GL_NV_vertex_array_range2 GL_NV_vertex_attrib_integer_64bit
GL_NV_vertex_buffer_unified_memory GL_NV_vertex_program GL_NV_vertex_program1_1 GL_NV_vertex_program2 GL_NV_vertex_program2_option GL_NV_vertex_program3
GL_NVX_conditional_render GL_NVX_gpu_memory_info GL_NV_shader_thread_group GL_KHR_blend_equation_advanced GL_SGIS_generate_mipmap GL_SGIS_texture_lod
GL_SGIX_depth_texture GL_SGIX_shadow GL_SUN_slice_accum
GL_MAX_TEXTURE_SIZE: 16384
GL_MAX_TEXTURE_IMAGE_UNITS: 32

PIXELFORMAT: color(24-bits) Z(24-bit) stencil(8-bits)
MODE: -1, 1280 x 720 windowed hz:N/A
GAMMA: hardware w/ 1 overbright bits
texturemode: GL_LINEAR_MIPMAP_LINEAR
picmip: 0
texture bits: 32
compiled vertex arrays: disabled
texenv add: enabled
compressed textures: disabled
----- finished R_Init -----
Try loading dll file .//wolfcam-ql/uix86_64.so
Loading DLL file: .//wolfcam-ql/uix86_64.so
Sys_LoadGameDll(.//wolfcam-ql/uix86_64.so) found vmMain function at 0x7fcb5a3012c0
UI_Init() version: 12.5
167 arenas parsed
34 bots parsed
Try loading dll file .//wolfcam-ql/cgamex86_64.so
Loading DLL file: .//wolfcam-ql/cgamex86_64.so
Sys_LoadGameDll(.//wolfcam-ql/cgamex86_64.so) found vmMain function at 0x7fcb1d633f70
CG_Init() version: 12.5
CG_Init()  serverMessageNum 26919  serverCommandSequence 8  clientNum 4
client set protocol: 91
Client/Server game mismatch: baseq3-1/wolfcam-ql
ql version 12.5.0.0
cgame: load map maps/aerowalk.bsp
CM_LoadMap(maps/aerowalk.bsp)
registered allowed ambient sound 'sound/items/poweruprespawn' 3
registered allowed ambient sound 'sound/items/kamikazerespawn' 4
registered allowed ambient sound 'sound/ambient/1shot_bell_01' 5
registered allowed ambient sound 'sound/movers/doors/dr1_strt' 6
registered allowed ambient sound 'sound/movers/doors/dr1_end' 7
registered allowed ambient sound 'sound/player/gurp1' 8
registered allowed ambient sound 'sound/player/gurp2' 9
registered allowed ambient sound 'sound/world/klaxon1.ogg' 10
registered allowed ambient sound 'sound/world/klaxon2.ogg' 11
registered allowed ambient sound 'sound/world/buzzer.ogg' 12
registered allowed ambient sound 'sound/world/bell_01.ogg' 13
registered allowed ambient sound 'sound/world/hockey_horn' 14
WARNING: Failed to load sound sound/items/cl_armorregen.ogg!
WARNING: Failed to load sound sound/items/cl_armorregen.wav!
S_RegisterSound() couldn't open 'sound/items/cl_armorregen.wav'
WARNING: Failed to load sound sound/items/cl_doubler.ogg!
WARNING: Failed to load sound sound/items/cl_doubler.wav!
S_RegisterSound() couldn't open 'sound/items/cl_doubler.wav'
WARNING: Failed to load sound sound/items/cl_guard.ogg!
WARNING: Failed to load sound sound/items/cl_guard.wav!
S_RegisterSound() couldn't open 'sound/items/cl_guard.wav'
WARNING: Failed to load sound sound/items/cl_scout.ogg!
WARNING: Failed to load sound sound/items/cl_scout.wav!
S_RegisterSound() couldn't open 'sound/items/cl_scout.wav'
WARNING: Failed to load sound sound/items/cl_scout.ogg!
WARNING: Failed to load sound sound/items/cl_scout.wav!
S_RegisterSound() couldn't open 'sound/items/cl_scout.wav'
WARNING: Failed to load sound sound/items/cl_guard.ogg!
WARNING: Failed to load sound sound/items/cl_guard.wav!
S_RegisterSound() couldn't open 'sound/items/cl_guard.wav'
WARNING: Failed to load sound sound/items/cl_damage.ogg!
WARNING: Failed to load sound sound/items/cl_damage.ogg!
S_RegisterSound() couldn't open 'sound/items/cl_damage.ogg'
WARNING: Failed to load sound sound/items/cl_armorregen.ogg!
WARNING: Failed to load sound sound/items/cl_armorregen.wav!
S_RegisterSound() couldn't open 'sound/items/cl_armorregen.wav'
registered sound 1  'sound/player/fry' 180
registered sound 2  'sound/ambient/loop_telehum' 293
registered sound 3  'sound/world/jumppad' 119
registered sound 4  'sound/ambient/loop_wind_stroggos' 294
cgame: loadworldmap maps/aerowalk.bsp
RE_LoadWorldMap(maps/aerowalk.bsp)
Advertisement 1:
  cellId: 281
  normal: 1.000000 0.000000 0.000000
  rect[0]:  -63.999992 -80.000000 392.000000
  rect[1]:  -63.999992 -80.000000 520.000000
  rect[2]:  -63.999992 -336.000000 520.000000
  rect[3]:  -63.999992 -336.000000 392.000000
  model:  *7
  256 x 128   (2.000000)
Advertisement 2:
  cellId: 283
  normal: 0.697617 -0.716471 0.000000
  rect[0]:  -318.000000 634.000000 400.000000
  rect[1]:  -318.000000 634.000000 504.000000
  rect[2]:  -474.000000 478.000000 504.000000
  rect[3]:  -474.000000 478.000000 400.000000
  model:  *8
  220 x 104   (2.115385)
Advertisement 3:
  cellId: 282
  normal: 0.000000 1.000000 0.000000
  rect[0]:  184.000000 -564.000000 200.000000
  rect[1]:  184.000000 -564.000000 88.000000
  rect[2]:  72.000000 -564.000000 88.000000
  rect[3]:  72.000000 -564.000000 200.000000
  model:  *9
  112 x 112   (1.000000)
WARNING: R_FindImageFile could not find 'hq_textures\aerowalk_cpm22\larger_block_norm.jpg' in shader 'textures/gothic_floor/largerblock3b3dim'
Shader textures/gothic_floor/largerblock3b3dim has a stage with no image
WARNING: R_FindImageFile could not find 'hq_textures\aerowalk_cpm22\pewter_shiney_norm.jpg' in shader 'textures/base_wall/bluemetalsupport2e_rusty'
Shader textures/base_wall/bluemetalsupport2e_rusty has a stage with no image
WARNING: R_FindImageFile could not find 'hq_textures\aerowalk_cpm22\pitted_rust_norm.jpg' in shader 'textures/gothic_trim/pitted_rust'
Shader textures/gothic_trim/pitted_rust has a stage with no image
WARNING: R_FindImageFile could not find 'hq_textures\aerowalk_cpm22\block_step_norm.jpg' in shader 'textures/base_floor2/clang_floor3bstairtop_wide'
Shader textures/base_floor2/clang_floor3bstairtop_wide has a stage with no image
WARNING: R_FindImageFile could not find 'hq_textures\aerowalk_cpm22\metal_beam2_norm.jpg' in shader 'textures/se_gothic/metalsupport_04'
Shader textures/se_gothic/metalsupport_04 has a stage with no image
WARNING: R_FindImageFile could not find 'hq_textures\aerowalk_cpm22\block_step_norm.jpg' in shader 'textures/base_floor/clang_floor3bstairtop'
Shader textures/base_floor/clang_floor3bstairtop has a stage with no image
WARNING: R_FindImageFile could not find 'hq_textures\aerowalk_cpm22\board_norm.jpg' in shader 'textures/gothic_trim/baseboard09_j'
Shader textures/gothic_trim/baseboard09_j has a stage with no image
WARNING: R_FindImageFile could not find 'hq_textures\aerowalk_cpm22\larger_block_norm.jpg' in shader 'textures/ctf/blocks18c_3_b'
Shader textures/ctf/blocks18c_3_b has a stage with no image
WARNING: R_FindImageFile could not find 'hq_textures\aerowalk_cpm22\larger_block_norm.jpg' in shader 'textures/gothic_block/blocks18c_3'
Shader textures/gothic_block/blocks18c_3 has a stage with no image
WARNING: R_FindImageFile could not find 'hq_textures\aerowalk_cpm22\metal_beam4_norm.jpg' in shader 'textures/se_gothic/rivets_02'
Shader textures/se_gothic/rivets_02 has a stage with no image
WARNING: R_FindImageFile could not find 'hq_textures\aerowalk_cpm22\metal_beam3_norm.jpg' in shader 'textures/se_gothic/rivets_01'
Shader textures/se_gothic/rivets_01 has a stage with no image
WARNING: R_FindImageFile could not find 'hq_textures\aerowalk_cpm22\metal_beam2_norm.jpg' in shader 'textures/se_gothic/metalsupport_02'
Shader textures/se_gothic/metalsupport_02 has a stage with no image
WARNING: R_FindImageFile could not find 'hq_textures\aerowalk_cpm22\metal_beam_norm.jpg' in shader 'textures/se_gothic/metalsupport_01'
Shader textures/se_gothic/metalsupport_01 has a stage with no image
WARNING: R_FindImageFile could not find 'hq_textures\aerowalk_cpm22\pewter_shiney_norm.jpg' in shader 'textures/se_gothic/metal_01'
Shader textures/se_gothic/metal_01 has a stage with no image
WARNING: R_FindImageFile could not find 'hq_textures\aerowalk_cpm22\metal_beam2_norm.jpg' in shader 'textures/se_gothic/light_01_vented'
Shader textures/se_gothic/light_01_vented has a stage with no image
WARNING: R_FindImageFile could not find 'hq_textures\aerowalk_cpm22\pitted_rust_norm.jpg' in shader 'textures/gothic_trim/pitted_rust2_trans'
Shader textures/gothic_trim/pitted_rust2_trans has a stage with no image
WARNING: R_FindImageFile could not find 'hq_textures\aerowalk_cpm22\large_block_vent_norm.jpg' in shader 'textures/gothic_block/blocks18cgeomtrnx'
Shader textures/gothic_block/blocks18cgeomtrnx has a stage with no image
WARNING: R_FindImageFile could not find 'hq_textures\aerowalk_cpm22\pewter_shiney_norm.jpg' in shader 'textures/base_trim/pewter_shiney'
Shader textures/base_trim/pewter_shiney has a stage with no image
stitched 10 LoD cracks
...loaded 2381 faces, 62 meshes, 0 trisurfs, 0 flares
new crosshairs
default crosshairs
trying alternate blood explosion
WARNING: R_FindImageFile could not find 'icons/spawnarmor.tga' in shader 'icons/spawnarmor'
Shader icons/spawnarmor has a stage with no image
WARNING: R_FindImageFile could not find 'icons/key_master.tga' in shader 'icons/key_master'
Shader icons/key_master has a stage with no image
WARNING: R_RemapShader: new shader team_icon/Red Team_red not found
WARNING: R_RemapShader: new shader team_icon/Blue Team_blue not found
Menu_Reset()
loading default menus
CG_ParseMenu() ui/intro.menu  unknown token '\'
CG_ParseMenu() ui/intro.menu  unknown token '\'
CG_ParseMenu() ui/intro.menu  unknown token 'score_menu'
CG_ParseMenu() ui/intro.menu  unknown token '\'
CG_ParseMenu() ui/intro.menu  unknown token '\'
CG_ParseMenu() ui/ingamescoreteam.menu  unknown token '\'
CG_ParseMenu() ui/ingamescoreteam.menu  unknown token '\'
CG_ParseMenu() ui/ingamescoreteam.menu  unknown token 'score_menu'
CG_ParseMenu() ui/ingamescoreteam.menu  unknown token '\'
CG_ParseMenu() ui/ingamescoreteam.menu  unknown token '\'
CG_ParseMenu() ui/ingamescorenoteam.menu  unknown token '\'
CG_ParseMenu() ui/ingamescorenoteam.menu  unknown token '\'
CG_ParseMenu() ui/ingamescorenoteam.menu  unknown token 'score_menu'
CG_ParseMenu() ui/ingamescorenoteam.menu  unknown token '\'
CG_ParseMenu() ui/ingamescorenoteam.menu  unknown token '\'
CG_ParseMenu() ui/endscoreteam.menu  unknown token '\'
CG_ParseMenu() ui/endscoreteam.menu  unknown token '\'
CG_ParseMenu() ui/endscoreteam.menu  unknown token 'score_menu'
CG_ParseMenu() ui/endscoreteam.menu  unknown token '\'
CG_ParseMenu() ui/endscoreteam.menu  unknown token '\'
CG_ParseMenu() ui/endscorenoteam.menu  unknown token '\'
CG_ParseMenu() ui/endscorenoteam.menu  unknown token '\'
CG_ParseMenu() ui/endscorenoteam.menu  unknown token 'score_menu'
CG_ParseMenu() ui/endscorenoteam.menu  unknown token '\'
CG_ParseMenu() ui/endscorenoteam.menu  unknown token '\'
CG_ParseMenu() ui/ingamestats.menu  unknown token '\'
CG_ParseMenu() ui/ingamestats.menu  unknown token '\'
CG_ParseMenu() ui/ingamestats.menu  unknown token 'score_menu'
CG_ParseMenu() ui/ingamestats.menu  unknown token '\'
CG_ParseMenu() ui/ingamestats.menu  unknown token '\'
CG_ParseMenu() ui/ingame_scoreboard_ffa.menu  unknown token '\'
CG_ParseMenu() ui/ingame_scoreboard_ffa.menu  unknown token '\'
CG_ParseMenu() ui/ingame_scoreboard_ffa.menu  unknown token 'score_menu'
CG_ParseMenu() ui/ingame_scoreboard_ffa.menu  unknown token '\'
CG_ParseMenu() ui/ingame_scoreboard_ffa.menu  unknown token '\'
CG_LoadMenus()  ui/hud.txt
UI menu load time = 98 milli seconds  ui/hud.txt
freed 0.000000 mb for jit fx tokens
effect: 'player/haste'
effect: 'player/flight'
effect: 'player/talk'
effect: 'player/impressive'
effect: 'player/excellent'
effect: 'player/teleportin'
effect: 'player/teleportout'
effect: 'weapon/gauntlet/flash'
effect: 'weapon/gauntlet/impactflesh'
effect: 'weapon/machinegun/flash'
effect: 'weapon/machinegun/trail'
effect: 'weapon/machinegun/fire'
effect: 'weapon/machinegun/impact'
effect: 'weapon/machinegun/impactflesh'
effect: 'weapon/shotgun/flash'
effect: 'weapon/shotgun/trail'
effect: 'weapon/shotgun/fire'
effect: 'weapon/shotgun/impact'
effect: 'weapon/shotgun/impactflesh'
effect: 'weapon/grenade/flash'
effect: 'weapon/grenade/impact'
effect: 'weapon/grenade/projectile'
effect: 'weapon/grenade/impactflesh'
effect: 'weapon/grenade/trail'
effect: 'weapon/rocket/flash'
effect: 'weapon/rocket/impact'
effect: 'weapon/rocket/projectile'
effect: 'weapon/rocket/impactflesh'
effect: 'weapon/rocket/trail'
effect: 'weapon/lightning/flash'
effect: 'weapon/lightning/impactflesh'
effect: 'weapon/lightning/impact'
effect: 'weapon/bfg/flash'
effect: 'weapon/bfg/impact'
effect: 'weapon/bfg/impactflesh'
effect: 'weapon/bfg/projectile'
effect: 'weapon/bfg/trail'
effect: 'weapon/rail/impactflesh'
effect: 'weapon/rail/trail'
effect: 'weapon/rail/impact'
effect: 'weapon/rail/flash'
effect: 'weapon/rail/fire'
effect: 'weapon/plasma/projectile'
effect: 'weapon/plasma/flash'
effect: 'weapon/plasma/impactflesh'
effect: 'weapon/plasma/trail'
effect: 'weapon/plasma/impact'
effect: 'player/gibbed'
effect: 'weapon/nailgun/projectile'
effect: 'weapon/nailgun/impact'
effect: 'weapon/nailgun/impactflesh'
effect: 'weapon/nailgun/trail'
effect: 'weapon/hmg/flash'
effect: 'weapon/hmg/trail'
effect: 'weapon/hmg/fire'
effect: 'weapon/prox/flash'
effect: 'weapon/prox/impact'
effect: 'weapon/prox/trail'
effect: 'weapon/prox/impactflesh'
effect: 'weapon/chaingun/flash'
effect: 'weapon/chaingun/trail'
effect: 'weapon/chaingun/fire'
effect: 'weapon/chaingun/impact'
effect: 'weapon/chaingun/impactflesh'
effect: 'fovi'
extra effect:  'fovi'
CL_InitCGame: 16.19 seconds, total time: 1683.53
1153 msec to draw all images
Com_TouchMemory: 0 msec
usage: remapshader <original shader> <new shader> [time offset: usually 0] [keep original shader lightmap -- 0: no, 1: yes (default)]
usage: remapshader <original shader> <new shader> [time offset: usually 0] [keep original shader lightmap -- 0: no, 1: yes (default)]
Dumped console text to cgameboot.log.
msec > clampTime  18491 200
set initial snapshot
serverCommandSequence 9
ads: 3
ad 1: 'textures/ad_content/2x1'
ad 2: 'textures/ad_content/2x1'
ad 3: 'textures/ad_content/1x1'
loading our model
loading teammate models
loading red team models
loading blue team models
loading fallback model
msec > clampTime  492 200
sv_fps 5  200 ms
sv_fps 20  50 ms
]\exec lotzypov.cfg
]\r_parallaxMap
    r_parallaxMapping = "0"  default "0"
    r_parallaxMapOffset = "0"  default "0"
    r_parallaxMapShadows = "0"  default "0"
msec > clampTime  364 200
cg.frametime > 200  (201)  oldSnapNum 28773  snapNum 28775
msec > clampTime  636 200
]\vid_restart
local ents shutdown
freed 0.001335 mb for jit fx tokens
RE_Shutdown( 1 )
------- FBO_Shutdown -------
------- R_ShutdownVaos -------
------- GLSL_ShutdownGPUShaders -------
R_DoneFreeType
----- Initializing Renderer ----
Trying to load "renderer_opengl2_x86_64.so" from "."...
-------------------------------
----- R_Init -----
SDL using driver "x11"
Initializing OpenGL display
Display aspect: 1.778
...setting mode -1: 1920 1080
Trying to get an OpenGL 3.2 core context
SDL_GL_CreateContext succeeded.
Using 24 color bits, 24 depth, 8 stencil display.
Available modes: '1280x720 1920x1080 1440x900 1680x1050 720x480 640x480 800x600 1024x768 1152x864 1280x960 1400x1050 1600x1200 720x576 1280x1024'
GL_RENDERER: GeForce GT 630/PCIe/SSE2
Initializing OpenGL extensions
...ignoring GL_EXT_texture_compression_s3tc
...ignoring GL_S3_s3tc
...using GL_ARB_texture_rectangle
...ignoring GL_EXT_texture_filter_anisotropic
...using GL_SGIS_texture_edge_clamp
...using fragment shaders
...using GL_EXT_framebuffer_object
...using GL_EXT_packed_depth_stencil
...using GL_EXT_framebuffer_multisample
...using GL_EXT_framebuffer_blit
...using GL_ARB_framebuffer_object
...using GL_ARB_vertex_array_object
...using GL_ARB_texture_float
...using GL_ARB_depth_clamp
...ignoring GL_ARB_seamless_cube_map
...using GLSL version 1.50 NVIDIA via Cg compiler
...using GL_NVX_gpu_memory_info
...GL_ATI_meminfo not found
...ignoring GL_ARB_texture_compression_rgtc
...ignoring GL_ARB_texture_compression_bptc
...using GL_EXT_direct_state_access
------- FBO_Init -------
------- GLSL_InitGPUShaders -------
loaded 116 GLSL shaders (48 gen 42 light 26 etc) in  1.87 seconds
glsl/ql-compat.vs ->
glsl/ql-compat-multi.vs ->
scripts/colorcorrect.fs ->
scripts/blurhoriz.fs ->
scripts/blurvertical.fs ->
scripts/brightpass.fs ->
scripts/combine.fs ->
scripts/downsample1.fs ->
------- R_InitVaos -------
glsl/cameraline.vs ->
glsl/cameraline.fs ->
camera path shader program ->
Initializing Shaders
trying default ql font fallbacks
using fallbackfont: 'fonts/notosans-regular.ttf'
using fallbackfont: 'fonts/droidsansfallbackfull.ttf'
trying default MS font fallbacks
trying default system font fallbacks
trying Unifont fallbacks
using fallbackfont: 'wcfonts/unifont_csur-8.0.01.ttf'
using fallbackfont: 'wcfonts/unifont_upper_csur-8.0.01.ttf'
R_InitFreeType completed
1: 10.887711 megabytes for mme work buffer
0: 10.887711 megabytes for mme work buffer

GL_VENDOR: NVIDIA Corporation
GL_RENDERER: GeForce GT 630/PCIe/SSE2
GL_VERSION: 3.2.0 NVIDIA 390.154
GL_EXTENSIONS: GL_AMD_multi_draw_indirect GL_ARB_arrays_of_arrays GL_ARB_base_instance GL_ARB_blend_func_extended GL_ARB_buffer_storage
GL_ARB_clear_buffer_object GL_ARB_clear_texture GL_ARB_clip_control GL_ARB_color_buffer_float GL_ARB_compressed_texture_pixel_storage
GL_ARB_conservative_depth GL_ARB_compute_shader GL_ARB_compute_variable_group_size GL_ARB_conditional_render_inverted GL_ARB_copy_buffer GL_ARB_copy_image
GL_ARB_cull_distance GL_ARB_debug_output GL_ARB_depth_buffer_float GL_ARB_depth_clamp GL_ARB_depth_texture GL_ARB_derivative_control
GL_ARB_direct_state_access GL_ARB_draw_buffers GL_ARB_draw_buffers_blend GL_ARB_draw_indirect GL_ARB_draw_elements_base_vertex GL_ARB_draw_instanced
GL_ARB_enhanced_layouts GL_ARB_ES2_compatibility GL_ARB_ES3_compatibility GL_ARB_ES3_1_compatibility GL_ARB_ES3_2_compatibility
GL_ARB_explicit_attrib_location GL_ARB_explicit_uniform_location GL_ARB_fragment_coord_conventions GL_ARB_fragment_layer_viewport GL_ARB_fragment_program
GL_ARB_fragment_program_shadow GL_ARB_fragment_shader GL_ARB_framebuffer_no_attachments GL_ARB_framebuffer_object GL_ARB_framebuffer_sRGB
GL_ARB_geometry_shader4 GL_ARB_get_program_binary GL_ARB_get_texture_sub_image GL_ARB_gl_spirv GL_ARB_gpu_shader5 GL_ARB_gpu_shader_fp64
GL_ARB_gpu_shader_int64 GL_ARB_half_float_pixel GL_ARB_half_float_vertex GL_ARB_imaging GL_ARB_indirect_parameters GL_ARB_instanced_arrays
GL_ARB_internalformat_query GL_ARB_internalformat_query2 GL_ARB_invalidate_subdata GL_ARB_map_buffer_alignment GL_ARB_map_buffer_range GL_ARB_multi_bind
GL_ARB_multi_draw_indirect GL_ARB_multisample GL_ARB_multitexture GL_ARB_occlusion_query GL_ARB_occlusion_query2 GL_ARB_parallel_shader_compile
GL_ARB_pipeline_statistics_query GL_ARB_pixel_buffer_object GL_ARB_point_parameters GL_ARB_point_sprite GL_ARB_polygon_offset_clamp
GL_ARB_program_interface_query GL_ARB_provoking_vertex GL_ARB_query_buffer_object GL_ARB_robust_buffer_access_behavior GL_ARB_robustness
GL_ARB_sample_shading GL_ARB_sampler_objects GL_ARB_seamless_cube_map GL_ARB_separate_shader_objects GL_ARB_shader_atomic_counter_ops
GL_ARB_shader_atomic_counters GL_ARB_shader_bit_encoding GL_ARB_shader_draw_parameters GL_ARB_shader_group_vote GL_ARB_shader_image_load_store
GL_ARB_shader_image_size GL_ARB_shader_objects GL_ARB_shader_precision GL_ARB_shader_storage_buffer_object GL_ARB_shader_subroutine
GL_ARB_shader_texture_image_samples GL_ARB_shader_texture_lod GL_ARB_shading_language_100 GL_ARB_shading_language_420pack GL_ARB_shading_language_include
GL_ARB_shading_language_packing GL_ARB_shadow GL_ARB_sparse_buffer GL_ARB_sparse_texture GL_ARB_spirv_extensions GL_ARB_stencil_texturing GL_ARB_sync
GL_ARB_tessellation_shader GL_ARB_texture_barrier GL_ARB_texture_border_clamp GL_ARB_texture_buffer_object GL_ARB_texture_buffer_object_rgb32
GL_ARB_texture_buffer_range GL_ARB_texture_compression GL_ARB_texture_compression_bptc GL_ARB_texture_compression_rgtc GL_ARB_texture_cube_map
GL_ARB_texture_cube_map_array GL_ARB_texture_env_add GL_ARB_texture_env_combine GL_ARB_texture_env_crossbar GL_ARB_texture_env_dot3
GL_ARB_texture_filter_anisotropic GL_ARB_texture_float GL_ARB_texture_gather GL_ARB_texture_mirror_clamp_to_edge GL_ARB_texture_mirrored_repeat
GL_ARB_texture_multisample GL_ARB_texture_non_power_of_two GL_ARB_texture_query_levels GL_ARB_texture_query_lod GL_ARB_texture_rectangle GL_ARB_texture_rg
GL_ARB_texture_rgb10_a2ui GL_ARB_texture_stencil8 GL_ARB_texture_storage GL_ARB_texture_storage_multisample GL_ARB_texture_swizzle GL_ARB_texture_view
GL_ARB_timer_query GL_ARB_transform_feedback2 GL_ARB_transform_feedback3 GL_ARB_transform_feedback_instanced GL_ARB_transform_feedback_overflow_query
GL_ARB_transpose_matrix GL_ARB_uniform_buffer_object GL_ARB_vertex_array_bgra GL_ARB_vertex_array_object GL_ARB_vertex_attrib_64bit
GL_ARB_vertex_attrib_binding GL_ARB_vertex_buffer_object GL_ARB_vertex_program GL_ARB_vertex_shader GL_ARB_vertex_type_10f_11f_11f_rev
GL_ARB_vertex_type_2_10_10_10_rev GL_ARB_viewport_array GL_ARB_window_pos GL_ATI_draw_buffers GL_ATI_texture_float GL_ATI_texture_mirror_once GL_S3_s3tc
GL_EXT_texture_env_add GL_EXT_abgr GL_EXT_bgra GL_EXT_bindable_uniform GL_EXT_blend_color GL_EXT_blend_equation_separate GL_EXT_blend_func_separate
GL_EXT_blend_minmax GL_EXT_blend_subtract GL_EXT_compiled_vertex_array GL_EXT_Cg_shader GL_EXT_depth_bounds_test GL_EXT_direct_state_access
GL_EXT_draw_buffers2 GL_EXT_draw_instanced GL_EXT_draw_range_elements GL_EXT_fog_coord GL_EXT_framebuffer_blit GL_EXT_framebuffer_multisample
GL_EXTX_framebuffer_mixed_formats GL_EXT_framebuffer_multisample_blit_scaled GL_EXT_framebuffer_object GL_EXT_framebuffer_sRGB GL_EXT_geometry_shader4
GL_EXT_gpu_program_parameters GL_EXT_gpu_shader4 GL_EXT_multi_draw_arrays GL_EXT_packed_depth_stencil GL_EXT_packed_float GL_EXT_packed_pixels
GL_EXT_pixel_buffer_object GL_EXT_point_parameters GL_EXT_polygon_offset_clamp GL_EXT_provoking_vertex GL_EXT_rescale_normal GL_EXT_secondary_color
GL_EXT_separate_shader_objects GL_EXT_separate_specular_color GL_EXT_shader_image_load_store GL_EXT_shader_integer_mix GL_EXT_shadow_funcs
GL_EXT_stencil_two_side GL_EXT_stencil_wrap GL_EXT_texture3D GL_EXT_texture_array GL_EXT_texture_buffer_object GL_EXT_texture_compression_dxt1
GL_EXT_texture_compression_latc GL_EXT_texture_compression_rgtc GL_EXT_texture_compression_s3tc GL_EXT_texture_cube_map GL_EXT_texture_edge_clamp
GL_EXT_texture_env_combine GL_EXT_texture_env_dot3 GL_EXT_texture_filter_anisotropic GL_EXT_texture_integer GL_EXT_texture_lod GL_EXT_texture_lod_bias
GL_EXT_texture_mirror_clamp GL_EXT_texture_object GL_EXT_texture_shared_exponent GL_EXT_texture_sRGB GL_EXT_texture_sRGB_decode GL_EXT_texture_storage
GL_EXT_texture_swizzle GL_EXT_timer_query GL_EXT_transform_feedback2 GL_EXT_vertex_array GL_EXT_vertex_array_bgra GL_EXT_vertex_attrib_64bit
GL_EXT_window_rectangles GL_EXT_x11_sync_object GL_EXT_import_sync_object GL_NV_robustness_video_memory_purge GL_IBM_rasterpos_clip
GL_IBM_texture_mirrored_repeat GL_KHR_context_flush_control GL_KHR_debug GL_KHR_parallel_shader_compile GL_KHR_no_error GL_KHR_robust_buffer_access_behavior
GL_KHR_robustness GL_KTX_buffer_region GL_NV_alpha_to_coverage_dither_control GL_NV_bindless_multi_draw_indirect GL_NV_bindless_multi_draw_indirect_count
GL_NV_blend_equation_advanced GL_NV_blend_square GL_NV_command_list GL_NV_compute_program5 GL_NV_conditional_render GL_NV_copy_depth_to_color
GL_NV_copy_image GL_NV_depth_buffer_float GL_NV_depth_clamp GL_NV_draw_texture GL_NV_ES1_1_compatibility GL_NV_ES3_1_compatibility GL_NV_explicit_multisample
GL_NV_fence GL_NV_float_buffer GL_NV_fog_distance GL_NV_fragment_program GL_NV_fragment_program_option GL_NV_fragment_program2
GL_NV_framebuffer_multisample_coverage GL_NV_geometry_shader4 GL_NV_gpu_program4 GL_NV_internalformat_sample_query GL_NV_gpu_program4_1 GL_NV_gpu_program5
GL_NV_gpu_program5_mem_extended GL_NV_gpu_program_fp64 GL_NV_gpu_shader5 GL_NV_half_float GL_NV_light_max_exponent GL_NV_multisample_coverage
GL_NV_multisample_filter_hint GL_NV_occlusion_query GL_NV_packed_depth_stencil GL_NV_parameter_buffer_object GL_NV_parameter_buffer_object2
GL_NV_path_rendering GL_NV_pixel_data_range GL_NV_point_sprite GL_NV_primitive_restart GL_NV_query_resource GL_NV_query_resource_tag GL_NV_register_combiners
GL_NV_register_combiners2 GL_NV_shader_atomic_counters GL_NV_shader_atomic_float GL_NV_shader_buffer_load GL_NV_shader_storage_buffer_object
GL_NV_texgen_reflection GL_NV_texture_barrier GL_NV_texture_compression_vtc GL_NV_texture_env_combine4 GL_NV_texture_multisample GL_NV_texture_rectangle
GL_NV_texture_rectangle_compressed GL_NV_texture_shader GL_NV_texture_shader2 GL_NV_texture_shader3 GL_NV_transform_feedback GL_NV_transform_feedback2
GL_NV_uniform_buffer_unified_memory GL_NV_vdpau_interop GL_NV_vertex_array_range GL_NV_vertex_array_range2 GL_NV_vertex_attrib_integer_64bit
GL_NV_vertex_buffer_unified_memory GL_NV_vertex_program GL_NV_vertex_program1_1 GL_NV_vertex_program2 GL_NV_vertex_program2_option GL_NV_vertex_program3
GL_NVX_conditional_render GL_NVX_gpu_memory_info GL_NV_shader_thread_group GL_KHR_blend_equation_advanced GL_SGIS_generate_mipmap GL_SGIS_texture_lod
GL_SGIX_depth_texture GL_SGIX_shadow GL_SUN_slice_accum
GL_MAX_TEXTURE_SIZE: 16384
GL_MAX_TEXTURE_IMAGE_UNITS: 32

PIXELFORMAT: color(24-bits) Z(24-bit) stencil(8-bits)
MODE: -1, 1920 x 1080 windowed hz:N/A
GAMMA: hardware w/ 1 overbright bits
texturemode: GL_LINEAR_MIPMAP_LINEAR
picmip: 0
texture bits: 32
compiled vertex arrays: disabled
texenv add: enabled
compressed textures: disabled
----- finished R_Init -----
Try loading dll file .//wolfcam-ql/uix86_64.so
Loading DLL file: .//wolfcam-ql/uix86_64.so
Sys_LoadGameDll(.//wolfcam-ql/uix86_64.so) found vmMain function at 0x7fcb5a3012c0
UI_Init() version: 12.5
167 arenas parsed
34 bots parsed
Try loading dll file .//wolfcam-ql/cgamex86_64.so
Loading DLL file: .//wolfcam-ql/cgamex86_64.so
Sys_LoadGameDll(.//wolfcam-ql/cgamex86_64.so) found vmMain function at 0x7fcb1d633f70
CG_Init() version: 12.5
CG_Init()  serverMessageNum 29659  serverCommandSequence 9  clientNum 4
client set protocol: 91
Client/Server game mismatch: baseq3-1/wolfcam-ql
ql version 12.5.0.0
cgame: load map maps/aerowalk.bsp
CM_LoadMap(maps/aerowalk.bsp)
registered allowed ambient sound 'sound/items/poweruprespawn' 3
registered allowed ambient sound 'sound/items/kamikazerespawn' 4
registered allowed ambient sound 'sound/ambient/1shot_bell_01' 5
registered allowed ambient sound 'sound/movers/doors/dr1_strt' 6
registered allowed ambient sound 'sound/movers/doors/dr1_end' 7
registered allowed ambient sound 'sound/player/gurp1' 8
registered allowed ambient sound 'sound/player/gurp2' 9
registered allowed ambient sound 'sound/world/klaxon1.ogg' 10
registered allowed ambient sound 'sound/world/klaxon2.ogg' 11
registered allowed ambient sound 'sound/world/buzzer.ogg' 12
registered allowed ambient sound 'sound/world/bell_01.ogg' 13
registered allowed ambient sound 'sound/world/hockey_horn' 14
WARNING: Failed to load sound sound/items/cl_armorregen.ogg!
WARNING: Failed to load sound sound/items/cl_armorregen.wav!
S_RegisterSound() couldn't open 'sound/items/cl_armorregen.wav'
WARNING: Failed to load sound sound/items/cl_doubler.ogg!
WARNING: Failed to load sound sound/items/cl_doubler.wav!
S_RegisterSound() couldn't open 'sound/items/cl_doubler.wav'
WARNING: Failed to load sound sound/items/cl_guard.ogg!
WARNING: Failed to load sound sound/items/cl_guard.wav!
S_RegisterSound() couldn't open 'sound/items/cl_guard.wav'
WARNING: Failed to load sound sound/items/cl_scout.ogg!
WARNING: Failed to load sound sound/items/cl_scout.wav!
S_RegisterSound() couldn't open 'sound/items/cl_scout.wav'
WARNING: Failed to load sound sound/items/cl_scout.ogg!
WARNING: Failed to load sound sound/items/cl_scout.wav!
S_RegisterSound() couldn't open 'sound/items/cl_scout.wav'
WARNING: Failed to load sound sound/items/cl_guard.ogg!
WARNING: Failed to load sound sound/items/cl_guard.wav!
S_RegisterSound() couldn't open 'sound/items/cl_guard.wav'
WARNING: Failed to load sound sound/items/cl_damage.ogg!
WARNING: Failed to load sound sound/items/cl_damage.ogg!
S_RegisterSound() couldn't open 'sound/items/cl_damage.ogg'
WARNING: Failed to load sound sound/items/cl_armorregen.ogg!
WARNING: Failed to load sound sound/items/cl_armorregen.wav!
S_RegisterSound() couldn't open 'sound/items/cl_armorregen.wav'
registered sound 1  'sound/player/fry' 180
registered sound 2  'sound/ambient/loop_telehum' 293
registered sound 3  'sound/world/jumppad' 119
registered sound 4  'sound/ambient/loop_wind_stroggos' 294
cgame: loadworldmap maps/aerowalk.bsp
RE_LoadWorldMap(maps/aerowalk.bsp)
Advertisement 1:
  cellId: 281
  normal: 1.000000 0.000000 0.000000
  rect[0]:  -63.999992 -80.000000 392.000000
  rect[1]:  -63.999992 -80.000000 520.000000
  rect[2]:  -63.999992 -336.000000 520.000000
  rect[3]:  -63.999992 -336.000000 392.000000
  model:  *7
  256 x 128   (2.000000)
Advertisement 2:
  cellId: 283
  normal: 0.697617 -0.716471 0.000000
  rect[0]:  -318.000000 634.000000 400.000000
  rect[1]:  -318.000000 634.000000 504.000000
  rect[2]:  -474.000000 478.000000 504.000000
  rect[3]:  -474.000000 478.000000 400.000000
  model:  *8
  220 x 104   (2.115385)
Advertisement 3:
  cellId: 282
  normal: 0.000000 1.000000 0.000000
  rect[0]:  184.000000 -564.000000 200.000000
  rect[1]:  184.000000 -564.000000 88.000000
  rect[2]:  72.000000 -564.000000 88.000000
  rect[3]:  72.000000 -564.000000 200.000000
  model:  *9
  112 x 112   (1.000000)
WARNING: R_FindImageFile could not find 'hq_textures\aerowalk_cpm22\larger_block_norm.jpg' in shader 'textures/gothic_floor/largerblock3b3dim'
Shader textures/gothic_floor/largerblock3b3dim has a stage with no image
WARNING: R_FindImageFile could not find 'hq_textures\aerowalk_cpm22\pewter_shiney_norm.jpg' in shader 'textures/base_wall/bluemetalsupport2e_rusty'
Shader textures/base_wall/bluemetalsupport2e_rusty has a stage with no image
WARNING: R_FindImageFile could not find 'hq_textures\aerowalk_cpm22\pitted_rust_norm.jpg' in shader 'textures/gothic_trim/pitted_rust'
Shader textures/gothic_trim/pitted_rust has a stage with no image
WARNING: R_FindImageFile could not find 'hq_textures\aerowalk_cpm22\block_step_norm.jpg' in shader 'textures/base_floor2/clang_floor3bstairtop_wide'
Shader textures/base_floor2/clang_floor3bstairtop_wide has a stage with no image
WARNING: R_FindImageFile could not find 'hq_textures\aerowalk_cpm22\metal_beam2_norm.jpg' in shader 'textures/se_gothic/metalsupport_04'
Shader textures/se_gothic/metalsupport_04 has a stage with no image
WARNING: R_FindImageFile could not find 'hq_textures\aerowalk_cpm22\block_step_norm.jpg' in shader 'textures/base_floor/clang_floor3bstairtop'
Shader textures/base_floor/clang_floor3bstairtop has a stage with no image
WARNING: R_FindImageFile could not find 'hq_textures\aerowalk_cpm22\board_norm.jpg' in shader 'textures/gothic_trim/baseboard09_j'
Shader textures/gothic_trim/baseboard09_j has a stage with no image
WARNING: R_FindImageFile could not find 'hq_textures\aerowalk_cpm22\larger_block_norm.jpg' in shader 'textures/ctf/blocks18c_3_b'
Shader textures/ctf/blocks18c_3_b has a stage with no image
WARNING: R_FindImageFile could not find 'hq_textures\aerowalk_cpm22\larger_block_norm.jpg' in shader 'textures/gothic_block/blocks18c_3'
Shader textures/gothic_block/blocks18c_3 has a stage with no image
WARNING: R_FindImageFile could not find 'hq_textures\aerowalk_cpm22\metal_beam4_norm.jpg' in shader 'textures/se_gothic/rivets_02'
Shader textures/se_gothic/rivets_02 has a stage with no image
WARNING: R_FindImageFile could not find 'hq_textures\aerowalk_cpm22\metal_beam3_norm.jpg' in shader 'textures/se_gothic/rivets_01'
Shader textures/se_gothic/rivets_01 has a stage with no image
WARNING: R_FindImageFile could not find 'hq_textures\aerowalk_cpm22\metal_beam2_norm.jpg' in shader 'textures/se_gothic/metalsupport_02'
Shader textures/se_gothic/metalsupport_02 has a stage with no image
WARNING: R_FindImageFile could not find 'hq_textures\aerowalk_cpm22\metal_beam_norm.jpg' in shader 'textures/se_gothic/metalsupport_01'
Shader textures/se_gothic/metalsupport_01 has a stage with no image
WARNING: R_FindImageFile could not find 'hq_textures\aerowalk_cpm22\pewter_shiney_norm.jpg' in shader 'textures/se_gothic/metal_01'
Shader textures/se_gothic/metal_01 has a stage with no image
WARNING: R_FindImageFile could not find 'hq_textures\aerowalk_cpm22\metal_beam2_norm.jpg' in shader 'textures/se_gothic/light_01_vented'
Shader textures/se_gothic/light_01_vented has a stage with no image
WARNING: R_FindImageFile could not find 'hq_textures\aerowalk_cpm22\pitted_rust_norm.jpg' in shader 'textures/gothic_trim/pitted_rust2_trans'
Shader textures/gothic_trim/pitted_rust2_trans has a stage with no image
WARNING: R_FindImageFile could not find 'hq_textures\aerowalk_cpm22\large_block_vent_norm.jpg' in shader 'textures/gothic_block/blocks18cgeomtrnx'
Shader textures/gothic_block/blocks18cgeomtrnx has a stage with no image
WARNING: R_FindImageFile could not find 'hq_textures\aerowalk_cpm22\pewter_shiney_norm.jpg' in shader 'textures/base_trim/pewter_shiney'
Shader textures/base_trim/pewter_shiney has a stage with no image
stitched 10 LoD cracks
...loaded 2381 faces, 62 meshes, 0 trisurfs, 0 flares
new crosshairs
default crosshairs
trying alternate blood explosion
WARNING: R_FindImageFile could not find 'icons/spawnarmor.tga' in shader 'icons/spawnarmor'
Shader icons/spawnarmor has a stage with no image
WARNING: R_FindImageFile could not find 'icons/key_master.tga' in shader 'icons/key_master'
Shader icons/key_master has a stage with no image
WARNING: R_RemapShader: new shader team_icon/Red Team_red not found
WARNING: R_RemapShader: new shader team_icon/Blue Team_blue not found
Menu_Reset()
loading default menus
CG_ParseMenu() ui/intro.menu  unknown token '\'
CG_ParseMenu() ui/intro.menu  unknown token '\'
CG_ParseMenu() ui/intro.menu  unknown token 'score_menu'
CG_ParseMenu() ui/intro.menu  unknown token '\'
CG_ParseMenu() ui/intro.menu  unknown token '\'
CG_ParseMenu() ui/ingamescoreteam.menu  unknown token '\'
CG_ParseMenu() ui/ingamescoreteam.menu  unknown token '\'
CG_ParseMenu() ui/ingamescoreteam.menu  unknown token 'score_menu'
CG_ParseMenu() ui/ingamescoreteam.menu  unknown token '\'
CG_ParseMenu() ui/ingamescoreteam.menu  unknown token '\'
CG_ParseMenu() ui/ingamescorenoteam.menu  unknown token '\'
CG_ParseMenu() ui/ingamescorenoteam.menu  unknown token '\'
CG_ParseMenu() ui/ingamescorenoteam.menu  unknown token 'score_menu'
CG_ParseMenu() ui/ingamescorenoteam.menu  unknown token '\'
CG_ParseMenu() ui/ingamescorenoteam.menu  unknown token '\'
CG_ParseMenu() ui/endscoreteam.menu  unknown token '\'
CG_ParseMenu() ui/endscoreteam.menu  unknown token '\'
CG_ParseMenu() ui/endscoreteam.menu  unknown token 'score_menu'
CG_ParseMenu() ui/endscoreteam.menu  unknown token '\'
CG_ParseMenu() ui/endscoreteam.menu  unknown token '\'
CG_ParseMenu() ui/endscorenoteam.menu  unknown token '\'
CG_ParseMenu() ui/endscorenoteam.menu  unknown token '\'
CG_ParseMenu() ui/endscorenoteam.menu  unknown token 'score_menu'
CG_ParseMenu() ui/endscorenoteam.menu  unknown token '\'
CG_ParseMenu() ui/endscorenoteam.menu  unknown token '\'
CG_ParseMenu() ui/ingamestats.menu  unknown token '\'
CG_ParseMenu() ui/ingamestats.menu  unknown token '\'
CG_ParseMenu() ui/ingamestats.menu  unknown token 'score_menu'
CG_ParseMenu() ui/ingamestats.menu  unknown token '\'
CG_ParseMenu() ui/ingamestats.menu  unknown token '\'
CG_ParseMenu() ui/ingame_scoreboard_ffa.menu  unknown token '\'
CG_ParseMenu() ui/ingame_scoreboard_ffa.menu  unknown token '\'
CG_ParseMenu() ui/ingame_scoreboard_ffa.menu  unknown token 'score_menu'
CG_ParseMenu() ui/ingame_scoreboard_ffa.menu  unknown token '\'
CG_ParseMenu() ui/ingame_scoreboard_ffa.menu  unknown token '\'
CG_LoadMenus()  ui/hud.txt
UI menu load time = 102 milli seconds  ui/hud.txt
freed 0.000000 mb for jit fx tokens
effect: 'player/haste'
effect: 'player/flight'
effect: 'player/talk'
effect: 'player/impressive'
effect: 'player/excellent'
effect: 'player/teleportin'
effect: 'player/teleportout'
effect: 'weapon/gauntlet/flash'
effect: 'weapon/gauntlet/impactflesh'
effect: 'weapon/machinegun/flash'
effect: 'weapon/machinegun/trail'
effect: 'weapon/machinegun/fire'
effect: 'weapon/machinegun/impact'
effect: 'weapon/machinegun/impactflesh'
effect: 'weapon/shotgun/flash'
effect: 'weapon/shotgun/trail'
effect: 'weapon/shotgun/fire'
effect: 'weapon/shotgun/impact'
effect: 'weapon/shotgun/impactflesh'
effect: 'weapon/grenade/flash'
effect: 'weapon/grenade/impact'
effect: 'weapon/grenade/projectile'
effect: 'weapon/grenade/impactflesh'
effect: 'weapon/grenade/trail'
effect: 'weapon/rocket/flash'
effect: 'weapon/rocket/impact'
effect: 'weapon/rocket/projectile'
effect: 'weapon/rocket/impactflesh'
effect: 'weapon/rocket/trail'
effect: 'weapon/lightning/flash'
effect: 'weapon/lightning/impactflesh'
effect: 'weapon/lightning/impact'
effect: 'weapon/bfg/flash'
effect: 'weapon/bfg/impact'
effect: 'weapon/bfg/impactflesh'
effect: 'weapon/bfg/projectile'
effect: 'weapon/bfg/trail'
effect: 'weapon/rail/impactflesh'
effect: 'weapon/rail/trail'
effect: 'weapon/rail/impact'
effect: 'weapon/rail/flash'
effect: 'weapon/rail/fire'
effect: 'weapon/plasma/projectile'
effect: 'weapon/plasma/flash'
effect: 'weapon/plasma/impactflesh'
effect: 'weapon/plasma/trail'
effect: 'weapon/plasma/impact'
effect: 'player/gibbed'
effect: 'weapon/nailgun/projectile'
effect: 'weapon/nailgun/impact'
effect: 'weapon/nailgun/impactflesh'
effect: 'weapon/nailgun/trail'
effect: 'weapon/hmg/flash'
effect: 'weapon/hmg/trail'
effect: 'weapon/hmg/fire'
effect: 'weapon/prox/flash'
effect: 'weapon/prox/impact'
effect: 'weapon/prox/trail'
effect: 'weapon/prox/impactflesh'
effect: 'weapon/chaingun/flash'
effect: 'weapon/chaingun/trail'
effect: 'weapon/chaingun/fire'
effect: 'weapon/chaingun/impact'
effect: 'weapon/chaingun/impactflesh'
effect: 'fovi'
extra effect:  'fovi'
CL_InitCGame: 14.87 seconds, total time: 1841.71
1083 msec to draw all images
Com_TouchMemory: 0 msec
usage: remapshader <original shader> <new shader> [time offset: usually 0] [keep original shader lightmap -- 0: no, 1: yes (default)]
usage: remapshader <original shader> <new shader> [time offset: usually 0] [keep original shader lightmap -- 0: no, 1: yes (default)]

